<?xml version="1.0" encoding="UTF-8"?>
<testsuite xmlns:xsi="http://www.w3.org/2001/XMLSchema-instance" xsi:noNamespaceSchemaLocation="https://maven.apache.org/surefire/maven-surefire-plugin/xsd/surefire-test-report.xsd" version="3.0.2" name="com.github.account.HelloServiceTests" time="0.629" tests="1" errors="0" skipped="0" failures="0">
  <properties>
    <property name="java.specification.version" value="21"/>
    <property name="sun.jnu.encoding" value="UTF-8"/>
    <property name="java.class.path" value="/Users/lucasrodriguessantos/Documents/workspace/estudos/arquitetura-monolitica-modular/libs/account/target/test-classes:/Users/lucasrodriguessantos/Documents/workspace/estudos/arquitetura-monolitica-modular/libs/account/target/classes:/Users/lucasrodriguessantos/.m2/repository/org/springframework/boot/spring-boot-starter/3.5.7/spring-boot-starter-3.5.7.jar:/Users/lucasrodriguessantos/.m2/repository/org/springframework/boot/spring-boot/3.5.7/spring-boot-3.5.7.jar:/Users/lucasrodriguessantos/.m2/repository/org/springframework/spring-context/6.2.12/spring-context-6.2.12.jar:/Users/lucasrodriguessantos/.m2/repository/org/springframework/spring-aop/6.2.12/spring-aop-6.2.12.jar:/Users/lucasrodriguessantos/.m2/repository/org/springframework/spring-beans/6.2.12/spring-beans-6.2.12.jar:/Users/lucasrodriguessantos/.m2/repository/org/springframework/spring-expression/6.2.12/spring-expression-6.2.12.jar:/Users/lucasrodriguessantos/.m2/repository/io/micrometer/micrometer-observation/1.15.5/micrometer-observation-1.15.5.jar:/Users/lucasrodriguessantos/.m2/repository/io/micrometer/micrometer-commons/1.15.5/micrometer-commons-1.15.5.jar:/Users/lucasrodriguessantos/.m2/repository/org/springframework/boot/spring-boot-autoconfigure/3.5.7/spring-boot-autoconfigure-3.5.7.jar:/Users/lucasrodriguessantos/.m2/repository/org/springframework/boot/spring-boot-starter-logging/3.5.7/spring-boot-starter-logging-3.5.7.jar:/Users/lucasrodriguessantos/.m2/repository/ch/qos/logback/logback-classic/1.5.20/logback-classic-1.5.20.jar:/Users/lucasrodriguessantos/.m2/repository/ch/qos/logback/logback-core/1.5.20/logback-core-1.5.20.jar:/Users/lucasrodriguessantos/.m2/repository/org/apache/logging/log4j/log4j-to-slf4j/2.24.3/log4j-to-slf4j-2.24.3.jar:/Users/lucasrodriguessantos/.m2/repository/org/apache/logging/log4j/log4j-api/2.24.3/log4j-api-2.24.3.jar:/Users/lucasrodriguessantos/.m2/repository/org/slf4j/jul-to-slf4j/2.0.17/jul-to-slf4j-2.0.17.jar:/Users/lucasrodriguessantos/.m2/repository/jakarta/annotation/jakarta.annotation-api/2.1.1/jakarta.annotation-api-2.1.1.jar:/Users/lucasrodriguessantos/.m2/repository/org/springframework/spring-core/6.2.12/spring-core-6.2.12.jar:/Users/lucasrodriguessantos/.m2/repository/org/springframework/spring-jcl/6.2.12/spring-jcl-6.2.12.jar:/Users/lucasrodriguessantos/.m2/repository/org/yaml/snakeyaml/2.4/snakeyaml-2.4.jar:/Users/lucasrodriguessantos/.m2/repository/org/springframework/boot/spring-boot-starter-test/3.5.7/spring-boot-starter-test-3.5.7.jar:/Users/lucasrodriguessantos/.m2/repository/org/springframework/boot/spring-boot-test/3.5.7/spring-boot-test-3.5.7.jar:/Users/lucasrodriguessantos/.m2/repository/org/springframework/boot/spring-boot-test-autoconfigure/3.5.7/spring-boot-test-autoconfigure-3.5.7.jar:/Users/lucasrodriguessantos/.m2/repository/com/jayway/jsonpath/json-path/2.9.0/json-path-2.9.0.jar:/Users/lucasrodriguessantos/.m2/repository/org/slf4j/slf4j-api/2.0.17/slf4j-api-2.0.17.jar:/Users/lucasrodriguessantos/.m2/repository/jakarta/xml/bind/jakarta.xml.bind-api/4.0.4/jakarta.xml.bind-api-4.0.4.jar:/Users/lucasrodriguessantos/.m2/repository/jakarta/activation/jakarta.activation-api/2.1.4/jakarta.activation-api-2.1.4.jar:/Users/lucasrodriguessantos/.m2/repository/net/minidev/json-smart/2.5.2/json-smart-2.5.2.jar:/Users/lucasrodriguessantos/.m2/repository/net/minidev/accessors-smart/2.5.2/accessors-smart-2.5.2.jar:/Users/lucasrodriguessantos/.m2/repository/org/ow2/asm/asm/9.7.1/asm-9.7.1.jar:/Users/lucasrodriguessantos/.m2/repository/org/assertj/assertj-core/3.27.6/assertj-core-3.27.6.jar:/Users/lucasrodriguessantos/.m2/repository/net/bytebuddy/byte-buddy/1.17.8/byte-buddy-1.17.8.jar:/Users/lucasrodriguessantos/.m2/repository/org/awaitility/awaitility/4.2.2/awaitility-4.2.2.jar:/Users/lucasrodriguessantos/.m2/repository/org/hamcrest/hamcrest/3.0/hamcrest-3.0.jar:/Users/lucasrodriguessantos/.m2/repository/org/junit/jupiter/junit-jupiter/5.12.2/junit-jupiter-5.12.2.jar:/Users/lucasrodriguessantos/.m2/repository/org/junit/jupiter/junit-jupiter-api/5.12.2/junit-jupiter-api-5.12.2.jar:/Users/lucasrodriguessantos/.m2/repository/org/opentest4j/opentest4j/1.3.0/opentest4j-1.3.0.jar:/Users/lucasrodriguessantos/.m2/repository/org/junit/platform/junit-platform-commons/1.12.2/junit-platform-commons-1.12.2.jar:/Users/lucasrodriguessantos/.m2/repository/org/apiguardian/apiguardian-api/1.1.2/apiguardian-api-1.1.2.jar:/Users/lucasrodriguessantos/.m2/repository/org/junit/jupiter/junit-jupiter-params/5.12.2/junit-jupiter-params-5.12.2.jar:/Users/lucasrodriguessantos/.m2/repository/org/junit/jupiter/junit-jupiter-engine/5.12.2/junit-jupiter-engine-5.12.2.jar:/Users/lucasrodriguessantos/.m2/repository/org/junit/platform/junit-platform-engine/1.12.2/junit-platform-engine-1.12.2.jar:/Users/lucasrodriguessantos/.m2/repository/org/mockito/mockito-core/5.17.0/mockito-core-5.17.0.jar:/Users/lucasrodriguessantos/.m2/repository/net/bytebuddy/byte-buddy-agent/1.17.8/byte-buddy-agent-1.17.8.jar:/Users/lucasrodriguessantos/.m2/repository/org/objenesis/objenesis/3.3/objenesis-3.3.jar:/Users/lucasrodriguessantos/.m2/repository/org/mockito/mockito-junit-jupiter/5.17.0/mockito-junit-jupiter-5.17.0.jar:/Users/lucasrodriguessantos/.m2/repository/org/skyscreamer/jsonassert/1.5.3/jsonassert-1.5.3.jar:/Users/lucasrodriguessantos/.m2/repository/com/vaadin/external/google/android-json/0.0.20131108.vaadin1/android-json-0.0.20131108.vaadin1.jar:/Users/lucasrodriguessantos/.m2/repository/org/springframework/spring-test/6.2.12/spring-test-6.2.12.jar:/Users/lucasrodriguessantos/.m2/repository/org/xmlunit/xmlunit-core/2.10.4/xmlunit-core-2.10.4.jar:"/>
    <property name="java.vm.vendor" value="Homebrew"/>
    <property name="sun.arch.data.model" value="64"/>
    <property name="java.vendor.url" value="https://github.com/Homebrew/homebrew-core/issues"/>
    <property name="user.timezone" value="America/Sao_Paulo"/>
    <property name="os.name" value="Mac OS X"/>
    <property name="java.vm.specification.version" value="21"/>
    <property name="user.country" value="BR"/>
    <property name="sun.java.launcher" value="SUN_STANDARD"/>
    <property name="sun.boot.library.path" value="/opt/homebrew/Cellar/openjdk@21/21.0.8/libexec/openjdk.jdk/Contents/Home/lib"/>
    <property name="sun.java.command" value="/Users/lucasrodriguessantos/Documents/workspace/estudos/arquitetura-monolitica-modular/libs/account/target/surefire/surefirebooter-20251025181736364_9.jar /Users/lucasrodriguessantos/Documents/workspace/estudos/arquitetura-monolitica-modular/libs/account/target/surefire 2025-10-25T18-17-34_021-jvmRun1 surefire-20251025181736364_7tmp surefire_1-20251025181736364_8tmp"/>
    <property name="http.nonProxyHosts" value="local|*.local|169.254/16|*.169.254/16"/>
    <property name="jdk.debug" value="release"/>
    <property name="surefire.test.class.path" value="/Users/lucasrodriguessantos/Documents/workspace/estudos/arquitetura-monolitica-modular/libs/account/target/test-classes:/Users/lucasrodriguessantos/Documents/workspace/estudos/arquitetura-monolitica-modular/libs/account/target/classes:/Users/lucasrodriguessantos/.m2/repository/org/springframework/boot/spring-boot-starter/3.5.7/spring-boot-starter-3.5.7.jar:/Users/lucasrodriguessantos/.m2/repository/org/springframework/boot/spring-boot/3.5.7/spring-boot-3.5.7.jar:/Users/lucasrodriguessantos/.m2/repository/org/springframework/spring-context/6.2.12/spring-context-6.2.12.jar:/Users/lucasrodriguessantos/.m2/repository/org/springframework/spring-aop/6.2.12/spring-aop-6.2.12.jar:/Users/lucasrodriguessantos/.m2/repository/org/springframework/spring-beans/6.2.12/spring-beans-6.2.12.jar:/Users/lucasrodriguessantos/.m2/repository/org/springframework/spring-expression/6.2.12/spring-expression-6.2.12.jar:/Users/lucasrodriguessantos/.m2/repository/io/micrometer/micrometer-observation/1.15.5/micrometer-observation-1.15.5.jar:/Users/lucasrodriguessantos/.m2/repository/io/micrometer/micrometer-commons/1.15.5/micrometer-commons-1.15.5.jar:/Users/lucasrodriguessantos/.m2/repository/org/springframework/boot/spring-boot-autoconfigure/3.5.7/spring-boot-autoconfigure-3.5.7.jar:/Users/lucasrodriguessantos/.m2/repository/org/springframework/boot/spring-boot-starter-logging/3.5.7/spring-boot-starter-logging-3.5.7.jar:/Users/lucasrodriguessantos/.m2/repository/ch/qos/logback/logback-classic/1.5.20/logback-classic-1.5.20.jar:/Users/lucasrodriguessantos/.m2/repository/ch/qos/logback/logback-core/1.5.20/logback-core-1.5.20.jar:/Users/lucasrodriguessantos/.m2/repository/org/apache/logging/log4j/log4j-to-slf4j/2.24.3/log4j-to-slf4j-2.24.3.jar:/Users/lucasrodriguessantos/.m2/repository/org/apache/logging/log4j/log4j-api/2.24.3/log4j-api-2.24.3.jar:/Users/lucasrodriguessantos/.m2/repository/org/slf4j/jul-to-slf4j/2.0.17/jul-to-slf4j-2.0.17.jar:/Users/lucasrodriguessantos/.m2/repository/jakarta/annotation/jakarta.annotation-api/2.1.1/jakarta.annotation-api-2.1.1.jar:/Users/lucasrodriguessantos/.m2/repository/org/springframework/spring-core/6.2.12/spring-core-6.2.12.jar:/Users/lucasrodriguessantos/.m2/repository/org/springframework/spring-jcl/6.2.12/spring-jcl-6.2.12.jar:/Users/lucasrodriguessantos/.m2/repository/org/yaml/snakeyaml/2.4/snakeyaml-2.4.jar:/Users/lucasrodriguessantos/.m2/repository/org/springframework/boot/spring-boot-starter-test/3.5.7/spring-boot-starter-test-3.5.7.jar:/Users/lucasrodriguessantos/.m2/repository/org/springframework/boot/spring-boot-test/3.5.7/spring-boot-test-3.5.7.jar:/Users/lucasrodriguessantos/.m2/repository/org/springframework/boot/spring-boot-test-autoconfigure/3.5.7/spring-boot-test-autoconfigure-3.5.7.jar:/Users/lucasrodriguessantos/.m2/repository/com/jayway/jsonpath/json-path/2.9.0/json-path-2.9.0.jar:/Users/lucasrodriguessantos/.m2/repository/org/slf4j/slf4j-api/2.0.17/slf4j-api-2.0.17.jar:/Users/lucasrodriguessantos/.m2/repository/jakarta/xml/bind/jakarta.xml.bind-api/4.0.4/jakarta.xml.bind-api-4.0.4.jar:/Users/lucasrodriguessantos/.m2/repository/jakarta/activation/jakarta.activation-api/2.1.4/jakarta.activation-api-2.1.4.jar:/Users/lucasrodriguessantos/.m2/repository/net/minidev/json-smart/2.5.2/json-smart-2.5.2.jar:/Users/lucasrodriguessantos/.m2/repository/net/minidev/accessors-smart/2.5.2/accessors-smart-2.5.2.jar:/Users/lucasrodriguessantos/.m2/repository/org/ow2/asm/asm/9.7.1/asm-9.7.1.jar:/Users/lucasrodriguessantos/.m2/repository/org/assertj/assertj-core/3.27.6/assertj-core-3.27.6.jar:/Users/lucasrodriguessantos/.m2/repository/net/bytebuddy/byte-buddy/1.17.8/byte-buddy-1.17.8.jar:/Users/lucasrodriguessantos/.m2/repository/org/awaitility/awaitility/4.2.2/awaitility-4.2.2.jar:/Users/lucasrodriguessantos/.m2/repository/org/hamcrest/hamcrest/3.0/hamcrest-3.0.jar:/Users/lucasrodriguessantos/.m2/repository/org/junit/jupiter/junit-jupiter/5.12.2/junit-jupiter-5.12.2.jar:/Users/lucasrodriguessantos/.m2/repository/org/junit/jupiter/junit-jupiter-api/5.12.2/junit-jupiter-api-5.12.2.jar:/Users/lucasrodriguessantos/.m2/repository/org/opentest4j/opentest4j/1.3.0/opentest4j-1.3.0.jar:/Users/lucasrodriguessantos/.m2/repository/org/junit/platform/junit-platform-commons/1.12.2/junit-platform-commons-1.12.2.jar:/Users/lucasrodriguessantos/.m2/repository/org/apiguardian/apiguardian-api/1.1.2/apiguardian-api-1.1.2.jar:/Users/lucasrodriguessantos/.m2/repository/org/junit/jupiter/junit-jupiter-params/5.12.2/junit-jupiter-params-5.12.2.jar:/Users/lucasrodriguessantos/.m2/repository/org/junit/jupiter/junit-jupiter-engine/5.12.2/junit-jupiter-engine-5.12.2.jar:/Users/lucasrodriguessantos/.m2/repository/org/junit/platform/junit-platform-engine/1.12.2/junit-platform-engine-1.12.2.jar:/Users/lucasrodriguessantos/.m2/repository/org/mockito/mockito-core/5.17.0/mockito-core-5.17.0.jar:/Users/lucasrodriguessantos/.m2/repository/net/bytebuddy/byte-buddy-agent/1.17.8/byte-buddy-agent-1.17.8.jar:/Users/lucasrodriguessantos/.m2/repository/org/objenesis/objenesis/3.3/objenesis-3.3.jar:/Users/lucasrodriguessantos/.m2/repository/org/mockito/mockito-junit-jupiter/5.17.0/mockito-junit-jupiter-5.17.0.jar:/Users/lucasrodriguessantos/.m2/repository/org/skyscreamer/jsonassert/1.5.3/jsonassert-1.5.3.jar:/Users/lucasrodriguessantos/.m2/repository/com/vaadin/external/google/android-json/0.0.20131108.vaadin1/android-json-0.0.20131108.vaadin1.jar:/Users/lucasrodriguessantos/.m2/repository/org/springframework/spring-test/6.2.12/spring-test-6.2.12.jar:/Users/lucasrodriguessantos/.m2/repository/org/xmlunit/xmlunit-core/2.10.4/xmlunit-core-2.10.4.jar:"/>
    <property name="sun.cpu.endian" value="little"/>
    <property name="user.home" value="/Users/lucasrodriguessantos"/>
    <property name="user.language" value="pt"/>
    <property name="java.specification.vendor" value="Oracle Corporation"/>
    <property name="java.version.date" value="2025-07-15"/>
    <property name="java.home" value="/opt/homebrew/Cellar/openjdk@21/21.0.8/libexec/openjdk.jdk/Contents/Home"/>
    <property name="file.separator" value="/"/>
    <property name="basedir" value="/Users/lucasrodriguessantos/Documents/workspace/estudos/arquitetura-monolitica-modular/libs/account"/>
    <property name="style.color" value="always"/>
    <property name="java.vm.compressedOopsMode" value="Zero based"/>
    <property name="line.separator" value="&#10;"/>
    <property name="java.vm.specification.vendor" value="Oracle Corporation"/>
    <property name="java.specification.name" value="Java Platform API Specification"/>
    <property name="FILE_LOG_CHARSET" value="UTF-8"/>
    <property name="java.awt.headless" value="true"/>
    <property name="apple.awt.application.name" value="ForkedBooter"/>
    <property name="surefire.real.class.path" value="/Users/lucasrodriguessantos/Documents/workspace/estudos/arquitetura-monolitica-modular/libs/account/target/surefire/surefirebooter-20251025181736364_9.jar"/>
    <property name="sun.management.compiler" value="HotSpot 64-Bit Tiered Compilers"/>
    <property name="ftp.nonProxyHosts" value="local|*.local|169.254/16|*.169.254/16"/>
    <property name="java.runtime.version" value="21.0.8"/>
    <property name="user.name" value="lucasrodriguessantos"/>
    <property name="stdout.encoding" value="UTF-8"/>
    <property name="path.separator" value=":"/>
    <property name="os.version" value="26.0.1"/>
    <property name="java.runtime.name" value="OpenJDK Runtime Environment"/>
    <property name="file.encoding" value="UTF-8"/>
    <property name="java.vm.name" value="OpenJDK 64-Bit Server VM"/>
    <property name="skipTests" value="tru"/>
    <property name="java.vendor.version" value="Homebrew"/>
    <property name="maven.ext.class.path" value="/Applications/IntelliJ IDEA.app/Contents/plugins/maven/lib/maven-event-listener.jar"/>
    <property name="localRepository" value="/Users/lucasrodriguessantos/.m2/repository"/>
    <property name="java.vendor.url.bug" value="https://github.com/Homebrew/homebrew-core/issues"/>
    <property name="java.io.tmpdir" value="/var/folders/r6/4wpp04s17_3d7c42z9p8jj280000gn/T/"/>
    <property name="idea.version" value="2025.2"/>
    <property name="java.version" value="21.0.8"/>
    <property name="user.dir" value="/Users/lucasrodriguessantos/Documents/workspace/estudos/arquitetura-monolitica-modular/libs/account"/>
    <property name="os.arch" value="aarch64"/>
    <property name="jansi.passthrough" value="true"/>
    <property name="java.vm.specification.name" value="Java Virtual Machine Specification"/>
    <property name="PID" value="40021"/>
    <property name="CONSOLE_LOG_CHARSET" value="UTF-8"/>
    <property name="native.encoding" value="UTF-8"/>
    <property name="java.library.path" value="/Users/lucasrodriguessantos/Library/Java/Extensions:/Library/Java/Extensions:/Network/Library/Java/Extensions:/System/Library/Java/Extensions:/usr/lib/java:."/>
    <property name="java.vm.info" value="mixed mode, sharing"/>
    <property name="stderr.encoding" value="UTF-8"/>
    <property name="java.vendor" value="Homebrew"/>
    <property name="java.vm.version" value="21.0.8"/>
    <property name="sun.io.unicode.encoding" value="UnicodeBig"/>
    <property name="socksNonProxyHosts" value="local|*.local|169.254/16|*.169.254/16"/>
    <property name="java.class.version" value="65.0"/>
  </properties>
  <testcase name="shouldReturnHelloWorld" classname="com.github.account.HelloServiceTests" time="0.313">
    <system-out><![CDATA[18:17:36.592 [main] INFO org.springframework.test.context.support.AnnotationConfigContextLoaderUtils -- Could not detect default configuration classes for test class [com.github.account.HelloServiceTests]: HelloServiceTests does not declare any static, non-private, non-final, nested classes annotated with @Configuration.
18:17:36.624 [main] INFO org.springframework.boot.test.context.SpringBootTestContextBootstrapper -- Found @SpringBootConfiguration com.github.account.TestConfiguration for test class com.github.account.HelloServiceTests

  .   ____          _            __ _ _
 /\\ / ___'_ __ _ _(_)_ __  __ _ \ \ \ \
( ( )\___ | '_ | '_| | '_ \/ _` | \ \ \ \
 \\/  ___)| |_)| | | | | || (_| |  ) ) ) )
  '  |____| .__|_| |_|_| |_\__, | / / / /
 =========|_|==============|___/=/_/_/_/

 :: Spring Boot ::                (v3.5.7)

2025-10-25T18:17:36.730-03:00  INFO 40021 --- [           main] com.github.account.HelloServiceTests     : Starting HelloServiceTests using Java 21.0.8 with PID 40021 (started by lucasrodriguessantos in /Users/lucasrodriguessantos/Documents/workspace/estudos/arquitetura-monolitica-modular/libs/account)
2025-10-25T18:17:36.730-03:00  INFO 40021 --- [           main] com.github.account.HelloServiceTests     : No active profile set, falling back to 1 default profile: "default"
2025-10-25T18:17:36.863-03:00  INFO 40021 --- [           main] com.github.account.HelloServiceTests     : Started HelloServiceTests in 0.205 seconds (process running for 0.485)
]]></system-out>
    <system-err><![CDATA[Mockito is currently self-attaching to enable the inline-mock-maker. This will no longer work in future releases of the JDK. Please add Mockito as an agent to your build as described in Mockito's documentation: https://javadoc.io/doc/org.mockito/mockito-core/latest/org.mockito/org/mockito/Mockito.html#0.3
WARNING: A Java agent has been loaded dynamically (/Users/lucasrodriguessantos/.m2/repository/net/bytebuddy/byte-buddy-agent/1.17.8/byte-buddy-agent-1.17.8.jar)
WARNING: If a serviceability tool is in use, please run with -XX:+EnableDynamicAgentLoading to hide this warning
WARNING: If a serviceability tool is not in use, please run with -Djdk.instrument.traceUsage for more information
WARNING: Dynamic loading of agents will be disallowed by default in a future release
]]></system-err>
  </testcase>
</testsuite>